<?xml version="1.0" encoding="UTF-8"?>
<!-- Generated by org.testng.reporters.JUnitXMLReporter -->
<testsuite ignored="2" hostname="DESKTOP-L0LMJHR" failures="0" tests="1" name="Default test" time="0.096" errors="0" timestamp="2022-05-18T07:45:00 PDT">
  <testcase classname="tests.Maven" name="testA" time="0.008"/>
  <testcase classname="tests.Maven" name="testB" time="0.0">
    <ignored/>
  </testcase> <!-- testB -->
  <testcase classname="tests.Maven" name="testC" time="0.0">
    <ignored/>
  </testcase> <!-- testC -->
</testsuite> <!-- Default test -->
