<?xml version="1.0" encoding="UTF-8"?>
<!-- Generated by org.testng.reporters.JUnitXMLReporter -->
<testsuite ignored="2" hostname="DESKTOP-L0LMJHR" failures="2" tests="6" name="Test" time="6.316" errors="0" timestamp="2022-05-23T01:25:31 PDT">
  <testcase classname="tests.Maven" name="testA" time="0.029"/>
  <testcase classname="tests.Maven" name="testB" time="3.029">
    <failure type="org.testng.internal.thread.ThreadTimeoutException" message="Method tests.Maven.testB() didn&amp;apos;t finish within the time-out 3000">
      <![CDATA[org.testng.internal.thread.ThreadTimeoutException: Method tests.Maven.testB() didn't finish within the time-out 3000
at java.base/java.util.ArrayList.forEach(ArrayList.java:1511)
... Removed 24 stack frames]]>
    </failure>
  </testcase> <!-- testB -->
  <testcase classname="tests.Maven" name="testC" time="0.006"/>
  <testcase classname="tests.Maven1" name="testA" time="0.004"/>
  <testcase classname="tests.Maven1" name="testB" time="3.009">
    <failure type="org.testng.internal.thread.ThreadTimeoutException" message="Method tests.Maven1.testB() didn&amp;apos;t finish within the time-out 3000">
      <![CDATA[org.testng.internal.thread.ThreadTimeoutException: Method tests.Maven1.testB() didn't finish within the time-out 3000
at java.base/java.util.ArrayList.forEach(ArrayList.java:1511)
... Removed 24 stack frames]]>
    </failure>
  </testcase> <!-- testB -->
  <testcase classname="tests.Maven1" name="testC" time="0.006"/>
  <testcase classname="tests.TestNG" name="verifyReportTab" time="0.0">
    <ignored/>
  </testcase> <!-- verifyReportTab -->
  <testcase classname="tests.TestNG" name="verifyTaskTab" time="0.0">
    <ignored/>
  </testcase> <!-- verifyTaskTab -->
</testsuite> <!-- Test -->
